Loading rules from /opt/projects/by-ulid/01JMW56P6X34M85CN1WNAZCFFR/logic/wg_rules
/opt/projects/by-ulid/01JMW56P6X34M85CN1WNAZCFFR/docs/export/export.json does not exist
Loading rules from /opt/projects/by-ulid/01JMW56P6X34M85CN1WNAZCFFR/logic/wg_rules
01JMW5DWSE1BEGMTDQR2RQ61TW rule file: logic/wg_rules/Person_Total_Hours.py
01JMW5DWVCNE5Y6R0EPFYJB094 rule file: logic/wg_rules/Person_Total_Amount.py
01JMW5DWW29JKP1CR7WTPRYBDT rule file: logic/wg_rules/Person_Billing_Rate_Constraint.py
01JMW5DWWXY42Q5TKGTMYJH454 rule file: logic/wg_rules/Timesheet_Copy_Rate.py
01JMW5DWX9Q6GB7F5GKC75W9QG rule file: logic/wg_rules/Timesheet_Amount_Billed.py
01JMW5DWY1NGPH7CE3WQXDNVQ0 rule file: logic/wg_rules/Timesheet_Hours_Worked_Constraint.py
01JMW5DWYTXJ3N98QVWCYV7FBM rule file: logic/wg_rules/Task_Hours_Calculations.py
01JMW5DWZ5V2FAMVYFVC0DD7GP rule file: logic/wg_rules/Task_Amount_Calculations.py
01JMW5DWZF891E8702490NSGHA rule file: logic/wg_rules/Task_Budget_Check.py
01JMW5DX03KFYJA5AJK9C8KYS9 rule file: logic/wg_rules/Project_Hours_Calculations.py
01JMW5DX0TD8SHCZYE7G1MSQ7J rule file: logic/wg_rules/Project_Amount_Calculations.py
01JMW5DX1B07T9QV15HE1V5MFB rule file: logic/wg_rules/Project_Budget_Check.py
01JMW5DX1R3BXWYJH4CH4650DK rule file: logic/wg_rules/Client_Hours_Calculations.py
01JMW5DX27DQABTT3XZ6TP985N rule file: logic/wg_rules/Client_Amount_Calculations.py
01JMW5DX34P4CF7NAPZEWJ67P7 rule file: logic/wg_rules/Client_Budget_Check.py
01JMW5DX3JV7G9ZE5P9H9HXM6H rule file: logic/wg_rules/Client_Invoice_Total_Calculation.py
01JMW5DX43MBDE38C28W76HVAR rule file: logic/wg_rules/Client_Payment_Total_Calculation.py
01JMW5DX4EJ2M8C6XJDQDEH5RM rule file: logic/wg_rules/Client_Kafka_Event.py
01JMW5DX59HGF46T3DHPD0GD8K rule file: logic/wg_rules/Invoice_Amount_Credit.py
01JMW5DX5WFK04KWHEPE33GDRJ rule file: logic/wg_rules/Invoice_Payment_Credit.py
01JMW5DX69TVMQ1S9QRHJS74D9 rule file: logic/wg_rules/Invoice_Balance_Calculation.py
01JMW5DX76ZTX5M03HR47KTT06 rule file: logic/wg_rules/Invoice_Payment_Constraint.py
01JMW5DX7RZD5NJYGT45RKA48Q rule file: logic/wg_rules/Invoice_Task_Count_Calculation.py
01JMW5DX866R30GT9X5FEXBVYM rule file: logic/wg_rules/Invoice_Task_Completion_Count.py
01JMW5DX9694SWB6AF2ZWDG4QH rule file: logic/wg_rules/Invoice_Readiness_Check.py
01JMW5DX9TSQXHGRJD88PYV2D9 rule file: logic/wg_rules/Invoice_Kafka_Event.py
01JMW5DXA53HY0Z8R16HP0X1TC rule file: logic/wg_rules/InvoiceItem_Task_Amount.py
01JMW5DXAQJNWBP7364GXGB0CX rule file: logic/wg_rules/InvoiceItem_Completion_Check.py
01JMW5DWSE1BEGMTDQR2RQ61TW rule file: logic/wg_rules/Person_Total_Hours.py
01JMW5DWVCNE5Y6R0EPFYJB094 rule file: logic/wg_rules/Person_Total_Amount.py
01JMW5DWW29JKP1CR7WTPRYBDT rule file: logic/wg_rules/Person_Billing_Rate_Constraint.py
01JMW5DWWXY42Q5TKGTMYJH454 rule file: logic/wg_rules/Timesheet_Copy_Rate.py
01JMW5DWX9Q6GB7F5GKC75W9QG rule file: logic/wg_rules/Timesheet_Amount_Billed.py
01JMW5DWY1NGPH7CE3WQXDNVQ0 rule file: logic/wg_rules/Timesheet_Hours_Worked_Constraint.py
01JMW5DWYTXJ3N98QVWCYV7FBM rule file: logic/wg_rules/Task_Hours_Calculations.py
01JMW5DWZ5V2FAMVYFVC0DD7GP rule file: logic/wg_rules/Task_Amount_Calculations.py
01JMW5DWZF891E8702490NSGHA rule file: logic/wg_rules/Task_Budget_Check.py
01JMW5DX03KFYJA5AJK9C8KYS9 rule file: logic/wg_rules/Project_Hours_Calculations.py
01JMW5DX0TD8SHCZYE7G1MSQ7J rule file: logic/wg_rules/Project_Amount_Calculations.py
01JMW5DX1B07T9QV15HE1V5MFB rule file: logic/wg_rules/Project_Budget_Check.py
01JMW5DX1R3BXWYJH4CH4650DK rule file: logic/wg_rules/Client_Hours_Calculations.py
01JMW5DX27DQABTT3XZ6TP985N rule file: logic/wg_rules/Client_Amount_Calculations.py
01JMW5DX34P4CF7NAPZEWJ67P7 rule file: logic/wg_rules/Client_Budget_Check.py
01JMW5DX3JV7G9ZE5P9H9HXM6H rule file: logic/wg_rules/Client_Invoice_Total_Calculation.py
01JMW5DX43MBDE38C28W76HVAR rule file: logic/wg_rules/Client_Payment_Total_Calculation.py
01JMW5DX4EJ2M8C6XJDQDEH5RM rule file: logic/wg_rules/Client_Kafka_Event.py
01JMW5DX59HGF46T3DHPD0GD8K rule file: logic/wg_rules/Invoice_Amount_Credit.py
01JMW5DX5WFK04KWHEPE33GDRJ rule file: logic/wg_rules/Invoice_Payment_Credit.py
01JMW5DX69TVMQ1S9QRHJS74D9 rule file: logic/wg_rules/Invoice_Balance_Calculation.py
01JMW5DX76ZTX5M03HR47KTT06 rule file: logic/wg_rules/Invoice_Payment_Constraint.py
01JMW5DX7RZD5NJYGT45RKA48Q rule file: logic/wg_rules/Invoice_Task_Count_Calculation.py
01JMW5DX866R30GT9X5FEXBVYM rule file: logic/wg_rules/Invoice_Task_Completion_Count.py
01JMW5DX9694SWB6AF2ZWDG4QH rule file: logic/wg_rules/Invoice_Readiness_Check.py
01JMW5DX9TSQXHGRJD88PYV2D9 rule file: logic/wg_rules/Invoice_Kafka_Event.py
01JMW5DXA53HY0Z8R16HP0X1TC rule file: logic/wg_rules/InvoiceItem_Task_Amount.py
01JMW5DXAQJNWBP7364GXGB0CX rule file: logic/wg_rules/InvoiceItem_Completion_Check.py

[34mVerifying rule: Person_Total_Hours - 01JMW5DWSE1BEGMTDQR2RQ61TW[0m

[32mActivated rule 01JMW5DWSE1BEGMTDQR2RQ61TW[0m

[34mVerifying rule: Person_Total_Amount - 01JMW5DWVCNE5Y6R0EPFYJB094[0m

[32mActivated rule 01JMW5DWVCNE5Y6R0EPFYJB094[0m

[34mVerifying rule: Person_Billing_Rate_Constraint - 01JMW5DWW29JKP1CR7WTPRYBDT[0m

[32mActivated rule 01JMW5DWW29JKP1CR7WTPRYBDT[0m

[34mVerifying rule: Timesheet_Copy_Rate - 01JMW5DWWXY42Q5TKGTMYJH454[0m

[32mActivated rule 01JMW5DWWXY42Q5TKGTMYJH454[0m

[34mVerifying rule: Timesheet_Amount_Billed - 01JMW5DWX9Q6GB7F5GKC75W9QG[0m

[32mActivated rule 01JMW5DWX9Q6GB7F5GKC75W9QG[0m

[34mVerifying rule: Timesheet_Hours_Worked_Constraint - 01JMW5DWY1NGPH7CE3WQXDNVQ0[0m

[32mActivated rule 01JMW5DWY1NGPH7CE3WQXDNVQ0[0m

[34mVerifying rule: Task_Hours_Calculations - 01JMW5DWYTXJ3N98QVWCYV7FBM[0m

[32mActivated rule 01JMW5DWYTXJ3N98QVWCYV7FBM[0m

[34mVerifying rule: Task_Amount_Calculations - 01JMW5DWZ5V2FAMVYFVC0DD7GP[0m

[32mActivated rule 01JMW5DWZ5V2FAMVYFVC0DD7GP[0m

[34mVerifying rule: Task_Budget_Check - 01JMW5DWZF891E8702490NSGHA[0m

[32mActivated rule 01JMW5DWZF891E8702490NSGHA[0m

[34mVerifying rule: Project_Hours_Calculations - 01JMW5DX03KFYJA5AJK9C8KYS9[0m

[32mActivated rule 01JMW5DX03KFYJA5AJK9C8KYS9[0m

[34mVerifying rule: Project_Amount_Calculations - 01JMW5DX0TD8SHCZYE7G1MSQ7J[0m

[32mActivated rule 01JMW5DX0TD8SHCZYE7G1MSQ7J[0m

[34mVerifying rule: Project_Budget_Check - 01JMW5DX1B07T9QV15HE1V5MFB[0m

[32mActivated rule 01JMW5DX1B07T9QV15HE1V5MFB[0m

[34mVerifying rule: Client_Hours_Calculations - 01JMW5DX1R3BXWYJH4CH4650DK[0m

[32mActivated rule 01JMW5DX1R3BXWYJH4CH4650DK[0m

[34mVerifying rule: Client_Amount_Calculations - 01JMW5DX27DQABTT3XZ6TP985N[0m

[32mActivated rule 01JMW5DX27DQABTT3XZ6TP985N[0m

[34mVerifying rule: Client_Budget_Check - 01JMW5DX34P4CF7NAPZEWJ67P7[0m

[32mActivated rule 01JMW5DX34P4CF7NAPZEWJ67P7[0m

[34mVerifying rule: Client_Invoice_Total_Calculation - 01JMW5DX3JV7G9ZE5P9H9HXM6H[0m

[32mActivated rule 01JMW5DX3JV7G9ZE5P9H9HXM6H[0m

[34mVerifying rule: Client_Payment_Total_Calculation - 01JMW5DX43MBDE38C28W76HVAR[0m

[32mActivated rule 01JMW5DX43MBDE38C28W76HVAR[0m

[34mVerifying rule: Client_Kafka_Event - 01JMW5DX4EJ2M8C6XJDQDEH5RM[0m

[32mActivated rule 01JMW5DX4EJ2M8C6XJDQDEH5RM[0m

[34mVerifying rule: Invoice_Amount_Credit - 01JMW5DX59HGF46T3DHPD0GD8K[0m

[32mActivated rule 01JMW5DX59HGF46T3DHPD0GD8K[0m

[34mVerifying rule: Invoice_Payment_Credit - 01JMW5DX5WFK04KWHEPE33GDRJ[0m

[32mActivated rule 01JMW5DX5WFK04KWHEPE33GDRJ[0m

[34mVerifying rule: Invoice_Balance_Calculation - 01JMW5DX69TVMQ1S9QRHJS74D9[0m

[32mActivated rule 01JMW5DX69TVMQ1S9QRHJS74D9[0m

[34mVerifying rule: Invoice_Payment_Constraint - 01JMW5DX76ZTX5M03HR47KTT06[0m

[32mActivated rule 01JMW5DX76ZTX5M03HR47KTT06[0m

[34mVerifying rule: Invoice_Task_Count_Calculation - 01JMW5DX7RZD5NJYGT45RKA48Q[0m

[32mActivated rule 01JMW5DX7RZD5NJYGT45RKA48Q[0m

[34mVerifying rule: Invoice_Task_Completion_Count - 01JMW5DX866R30GT9X5FEXBVYM[0m

[32mActivated rule 01JMW5DX866R30GT9X5FEXBVYM[0m

[34mVerifying rule: Invoice_Readiness_Check - 01JMW5DX9694SWB6AF2ZWDG4QH[0m

[32mActivated rule 01JMW5DX9694SWB6AF2ZWDG4QH[0m

[34mVerifying rule: Invoice_Kafka_Event - 01JMW5DX9TSQXHGRJD88PYV2D9[0m

[32mActivated rule 01JMW5DX9TSQXHGRJD88PYV2D9[0m

[34mVerifying rule: InvoiceItem_Task_Amount - 01JMW5DXA53HY0Z8R16HP0X1TC[0m

[32mActivated rule 01JMW5DXA53HY0Z8R16HP0X1TC[0m

[34mVerifying rule: InvoiceItem_Completion_Check - 01JMW5DXAQJNWBP7364GXGB0CX[0m

[32mActivated rule 01JMW5DXAQJNWBP7364GXGB0CX[0m
Loading rules from /opt/projects/by-ulid/01JMW56P6X34M85CN1WNAZCFFR/logic/wg_rules
01JMW5DWSE1BEGMTDQR2RQ61TW rule file: logic/wg_rules/Person_Total_Hours.py
01JMW5DWVCNE5Y6R0EPFYJB094 rule file: logic/wg_rules/Person_Total_Amount.py
01JMW5DWW29JKP1CR7WTPRYBDT rule file: logic/wg_rules/Person_Billing_Rate_Constraint.py
01JMW5DWWXY42Q5TKGTMYJH454 rule file: logic/wg_rules/Timesheet_Copy_Rate.py
01JMW5DWX9Q6GB7F5GKC75W9QG rule file: logic/wg_rules/Timesheet_Amount_Billed.py
01JMW5DWY1NGPH7CE3WQXDNVQ0 rule file: logic/wg_rules/Timesheet_Hours_Worked_Constraint.py
01JMW5DWYTXJ3N98QVWCYV7FBM rule file: logic/wg_rules/Task_Hours_Calculations.py
01JMW5DWZ5V2FAMVYFVC0DD7GP rule file: logic/wg_rules/Task_Amount_Calculations.py
01JMW5DWZF891E8702490NSGHA rule file: logic/wg_rules/Task_Budget_Check.py
01JMW5DX03KFYJA5AJK9C8KYS9 rule file: logic/wg_rules/Project_Hours_Calculations.py
01JMW5DX0TD8SHCZYE7G1MSQ7J rule file: logic/wg_rules/Project_Amount_Calculations.py
01JMW5DX1B07T9QV15HE1V5MFB rule file: logic/wg_rules/Project_Budget_Check.py
01JMW5DX1R3BXWYJH4CH4650DK rule file: logic/wg_rules/Client_Hours_Calculations.py
01JMW5DX27DQABTT3XZ6TP985N rule file: logic/wg_rules/Client_Amount_Calculations.py
01JMW5DX34P4CF7NAPZEWJ67P7 rule file: logic/wg_rules/Client_Budget_Check.py
01JMW5DX3JV7G9ZE5P9H9HXM6H rule file: logic/wg_rules/Client_Invoice_Total_Calculation.py
01JMW5DX43MBDE38C28W76HVAR rule file: logic/wg_rules/Client_Payment_Total_Calculation.py
01JMW5DX4EJ2M8C6XJDQDEH5RM rule file: logic/wg_rules/Client_Kafka_Event.py
01JMW5DX59HGF46T3DHPD0GD8K rule file: logic/wg_rules/Invoice_Amount_Credit.py
01JMW5DX5WFK04KWHEPE33GDRJ rule file: logic/wg_rules/Invoice_Payment_Credit.py
01JMW5DX69TVMQ1S9QRHJS74D9 rule file: logic/wg_rules/Invoice_Balance_Calculation.py
01JMW5DX76ZTX5M03HR47KTT06 rule file: logic/wg_rules/Invoice_Payment_Constraint.py
01JMW5DX7RZD5NJYGT45RKA48Q rule file: logic/wg_rules/Invoice_Task_Count_Calculation.py
01JMW5DX866R30GT9X5FEXBVYM rule file: logic/wg_rules/Invoice_Task_Completion_Count.py
01JMW5DX9694SWB6AF2ZWDG4QH rule file: logic/wg_rules/Invoice_Readiness_Check.py
01JMW5DX9TSQXHGRJD88PYV2D9 rule file: logic/wg_rules/Invoice_Kafka_Event.py
01JMW5DXA53HY0Z8R16HP0X1TC rule file: logic/wg_rules/InvoiceItem_Task_Amount.py
01JMW5DXAQJNWBP7364GXGB0CX rule file: logic/wg_rules/InvoiceItem_Completion_Check.py
[32mLoading Rule Module Person_Total_Hours 01JMW5DWSE1BEGMTDQR2RQ61TW [0m
[32mLoading Rule Module Person_Total_Amount 01JMW5DWVCNE5Y6R0EPFYJB094 [0m
[32mLoading Rule Module Person_Billing_Rate_Constraint 01JMW5DWW29JKP1CR7WTPRYBDT [0m
[32mLoading Rule Module Timesheet_Copy_Rate 01JMW5DWWXY42Q5TKGTMYJH454 [0m
[32mLoading Rule Module Timesheet_Amount_Billed 01JMW5DWX9Q6GB7F5GKC75W9QG [0m
[32mLoading Rule Module Timesheet_Hours_Worked_Constraint 01JMW5DWY1NGPH7CE3WQXDNVQ0 [0m
[32mLoading Rule Module Task_Hours_Calculations 01JMW5DWYTXJ3N98QVWCYV7FBM [0m
[32mLoading Rule Module Task_Amount_Calculations 01JMW5DWZ5V2FAMVYFVC0DD7GP [0m
[32mLoading Rule Module Task_Budget_Check 01JMW5DWZF891E8702490NSGHA [0m
[32mLoading Rule Module Project_Hours_Calculations 01JMW5DX03KFYJA5AJK9C8KYS9 [0m
[32mLoading Rule Module Project_Amount_Calculations 01JMW5DX0TD8SHCZYE7G1MSQ7J [0m
[32mLoading Rule Module Project_Budget_Check 01JMW5DX1B07T9QV15HE1V5MFB [0m
[32mLoading Rule Module Client_Hours_Calculations 01JMW5DX1R3BXWYJH4CH4650DK [0m
[32mLoading Rule Module Client_Amount_Calculations 01JMW5DX27DQABTT3XZ6TP985N [0m
[32mLoading Rule Module Client_Budget_Check 01JMW5DX34P4CF7NAPZEWJ67P7 [0m
[32mLoading Rule Module Client_Invoice_Total_Calculation 01JMW5DX3JV7G9ZE5P9H9HXM6H [0m
[32mLoading Rule Module Client_Payment_Total_Calculation 01JMW5DX43MBDE38C28W76HVAR [0m
[32mLoading Rule Module Client_Kafka_Event 01JMW5DX4EJ2M8C6XJDQDEH5RM [0m
[32mLoading Rule Module Invoice_Amount_Credit 01JMW5DX59HGF46T3DHPD0GD8K [0m
[32mLoading Rule Module Invoice_Payment_Credit 01JMW5DX5WFK04KWHEPE33GDRJ [0m
[32mLoading Rule Module Invoice_Balance_Calculation 01JMW5DX69TVMQ1S9QRHJS74D9 [0m
[32mLoading Rule Module Invoice_Payment_Constraint 01JMW5DX76ZTX5M03HR47KTT06 [0m
[32mLoading Rule Module Invoice_Task_Count_Calculation 01JMW5DX7RZD5NJYGT45RKA48Q [0m
[32mLoading Rule Module Invoice_Task_Completion_Count 01JMW5DX866R30GT9X5FEXBVYM [0m
[32mLoading Rule Module Invoice_Readiness_Check 01JMW5DX9694SWB6AF2ZWDG4QH [0m
[32mLoading Rule Module Invoice_Kafka_Event 01JMW5DX9TSQXHGRJD88PYV2D9 [0m
[32mLoading Rule Module InvoiceItem_Task_Amount 01JMW5DXA53HY0Z8R16HP0X1TC [0m
[32mLoading Rule Module InvoiceItem_Completion_Check 01JMW5DXAQJNWBP7364GXGB0CX [0m
Loading rules from /opt/projects/by-ulid/01JMW56P6X34M85CN1WNAZCFFR/logic/wg_rules
01JMW5DWSE1BEGMTDQR2RQ61TW rule file: logic/wg_rules/Person_Total_Hours.py
01JMW5DWVCNE5Y6R0EPFYJB094 rule file: logic/wg_rules/Person_Total_Amount.py
01JMW5DWW29JKP1CR7WTPRYBDT rule file: logic/wg_rules/Person_Billing_Rate_Constraint.py
01JMW5DWWXY42Q5TKGTMYJH454 rule file: logic/wg_rules/Timesheet_Copy_Rate.py
01JMW5DWX9Q6GB7F5GKC75W9QG rule file: logic/wg_rules/Timesheet_Amount_Billed.py
01JMW5DWY1NGPH7CE3WQXDNVQ0 rule file: logic/wg_rules/Timesheet_Hours_Worked_Constraint.py
01JMW5DWYTXJ3N98QVWCYV7FBM rule file: logic/wg_rules/Task_Hours_Calculations.py
01JMW5DWZ5V2FAMVYFVC0DD7GP rule file: logic/wg_rules/Task_Amount_Calculations.py
01JMW5DWZF891E8702490NSGHA rule file: logic/wg_rules/Task_Budget_Check.py
01JMW5DX03KFYJA5AJK9C8KYS9 rule file: logic/wg_rules/Project_Hours_Calculations.py
01JMW5DX0TD8SHCZYE7G1MSQ7J rule file: logic/wg_rules/Project_Amount_Calculations.py
01JMW5DX1B07T9QV15HE1V5MFB rule file: logic/wg_rules/Project_Budget_Check.py
01JMW5DX1R3BXWYJH4CH4650DK rule file: logic/wg_rules/Client_Hours_Calculations.py
01JMW5DX27DQABTT3XZ6TP985N rule file: logic/wg_rules/Client_Amount_Calculations.py
01JMW5DX34P4CF7NAPZEWJ67P7 rule file: logic/wg_rules/Client_Budget_Check.py
01JMW5DX3JV7G9ZE5P9H9HXM6H rule file: logic/wg_rules/Client_Invoice_Total_Calculation.py
01JMW5DX43MBDE38C28W76HVAR rule file: logic/wg_rules/Client_Payment_Total_Calculation.py
01JMW5DX4EJ2M8C6XJDQDEH5RM rule file: logic/wg_rules/Client_Kafka_Event.py
01JMW5DX59HGF46T3DHPD0GD8K rule file: logic/wg_rules/Invoice_Amount_Credit.py
01JMW5DX5WFK04KWHEPE33GDRJ rule file: logic/wg_rules/Invoice_Payment_Credit.py
01JMW5DX69TVMQ1S9QRHJS74D9 rule file: logic/wg_rules/Invoice_Balance_Calculation.py
01JMW5DX76ZTX5M03HR47KTT06 rule file: logic/wg_rules/Invoice_Payment_Constraint.py
01JMW5DX7RZD5NJYGT45RKA48Q rule file: logic/wg_rules/Invoice_Task_Count_Calculation.py
01JMW5DX866R30GT9X5FEXBVYM rule file: logic/wg_rules/Invoice_Task_Completion_Count.py
01JMW5DX9694SWB6AF2ZWDG4QH rule file: logic/wg_rules/Invoice_Readiness_Check.py
01JMW5DX9TSQXHGRJD88PYV2D9 rule file: logic/wg_rules/Invoice_Kafka_Event.py
01JMW5DXA53HY0Z8R16HP0X1TC rule file: logic/wg_rules/InvoiceItem_Task_Amount.py
01JMW5DXAQJNWBP7364GXGB0CX rule file: logic/wg_rules/InvoiceItem_Completion_Check.py
[32mLoading Rule Module Person_Total_Hours 01JMW5DWSE1BEGMTDQR2RQ61TW [0m
[32mLoading Rule Module Person_Total_Amount 01JMW5DWVCNE5Y6R0EPFYJB094 [0m
[32mLoading Rule Module Person_Billing_Rate_Constraint 01JMW5DWW29JKP1CR7WTPRYBDT [0m
[32mLoading Rule Module Timesheet_Copy_Rate 01JMW5DWWXY42Q5TKGTMYJH454 [0m
[32mLoading Rule Module Timesheet_Amount_Billed 01JMW5DWX9Q6GB7F5GKC75W9QG [0m
[32mLoading Rule Module Timesheet_Hours_Worked_Constraint 01JMW5DWY1NGPH7CE3WQXDNVQ0 [0m
[32mLoading Rule Module Task_Hours_Calculations 01JMW5DWYTXJ3N98QVWCYV7FBM [0m
[32mLoading Rule Module Task_Amount_Calculations 01JMW5DWZ5V2FAMVYFVC0DD7GP [0m
[32mLoading Rule Module Task_Budget_Check 01JMW5DWZF891E8702490NSGHA [0m
[32mLoading Rule Module Project_Hours_Calculations 01JMW5DX03KFYJA5AJK9C8KYS9 [0m
[32mLoading Rule Module Project_Amount_Calculations 01JMW5DX0TD8SHCZYE7G1MSQ7J [0m
[32mLoading Rule Module Project_Budget_Check 01JMW5DX1B07T9QV15HE1V5MFB [0m
[32mLoading Rule Module Client_Hours_Calculations 01JMW5DX1R3BXWYJH4CH4650DK [0m
[32mLoading Rule Module Client_Amount_Calculations 01JMW5DX27DQABTT3XZ6TP985N [0m
[32mLoading Rule Module Client_Budget_Check 01JMW5DX34P4CF7NAPZEWJ67P7 [0m
[32mLoading Rule Module Client_Invoice_Total_Calculation 01JMW5DX3JV7G9ZE5P9H9HXM6H [0m
[32mLoading Rule Module Client_Payment_Total_Calculation 01JMW5DX43MBDE38C28W76HVAR [0m
[32mLoading Rule Module Client_Kafka_Event 01JMW5DX4EJ2M8C6XJDQDEH5RM [0m
[32mLoading Rule Module Invoice_Amount_Credit 01JMW5DX59HGF46T3DHPD0GD8K [0m
[32mLoading Rule Module Invoice_Payment_Credit 01JMW5DX5WFK04KWHEPE33GDRJ [0m
[32mLoading Rule Module Invoice_Balance_Calculation 01JMW5DX69TVMQ1S9QRHJS74D9 [0m
[32mLoading Rule Module Invoice_Payment_Constraint 01JMW5DX76ZTX5M03HR47KTT06 [0m
[32mLoading Rule Module Invoice_Task_Count_Calculation 01JMW5DX7RZD5NJYGT45RKA48Q [0m
[32mLoading Rule Module Invoice_Task_Completion_Count 01JMW5DX866R30GT9X5FEXBVYM [0m
[32mLoading Rule Module Invoice_Readiness_Check 01JMW5DX9694SWB6AF2ZWDG4QH [0m
[32mLoading Rule Module Invoice_Kafka_Event 01JMW5DX9TSQXHGRJD88PYV2D9 [0m
[32mLoading Rule Module InvoiceItem_Task_Amount 01JMW5DXA53HY0Z8R16HP0X1TC [0m
[32mLoading Rule Module InvoiceItem_Completion_Check 01JMW5DXAQJNWBP7364GXGB0CX [0m
